-------------------------------------------------------------------------------
Test set: TestSuite
-------------------------------------------------------------------------------
Tests run: 9, Failures: 3, Errors: 0, Skipped: 0, Time elapsed: 218.6 s <<< FAILURE! -- in TestSuite
runner.TestRunner.runScenario["Login as a authenticated user", "Login feature"](5) -- Time elapsed: 24.14 s <<< FAILURE!
java.lang.AssertionError: Maximum limits are reached and user can no longer log in expected [false] but found [true]
	at org.testng.Assert.fail(Assert.java:111)
	at org.testng.Assert.failNotEquals(Assert.java:1578)
	at org.testng.Assert.assertFalse(Assert.java:79)
	at PageModels.LoginPage.clickNext(LoginPage.java:72)
	at stepdefinitions.LoginUISteps.user_enters_examples_credentials(LoginUISteps.java:111)
	at ✽.user enters "likithal39@gmail.com" and "Sun$Daisy132"(file:///Users/likitha.lokesh/java-selenium-cucumber/src/test/resources/features/LoginUI.feature:8)

runner.TestRunner.runScenario["Login with empty username", "Login feature"](6) -- Time elapsed: 15.81 s <<< FAILURE!
java.lang.AssertionError: Maximum limits are reached and user can no longer log in expected [false] but found [true]
	at org.testng.Assert.fail(Assert.java:111)
	at org.testng.Assert.failNotEquals(Assert.java:1578)
	at org.testng.Assert.assertFalse(Assert.java:79)
	at PageModels.LoginPage.clickNext(LoginPage.java:72)
	at stepdefinitions.LoginUISteps.user_clicks_next(LoginUISteps.java:147)
	at ✽.user clicks the next button(file:///Users/likitha.lokesh/java-selenium-cucumber/src/test/resources/features/LoginUI.feature:21)

runner.TestRunner.runScenario["Login with wrong credentials", "Login feature"](7) -- Time elapsed: 30.35 s <<< FAILURE!
java.lang.AssertionError: Maximum limits are reached and user can no longer log in expected [false] but found [true]
	at org.testng.Assert.fail(Assert.java:111)
	at org.testng.Assert.failNotEquals(Assert.java:1578)
	at org.testng.Assert.assertFalse(Assert.java:79)
	at PageModels.LoginPage.clickNext(LoginPage.java:72)
	at stepdefinitions.LoginUISteps.user_enters_datatable_credentials(LoginUISteps.java:129)
	at ✽.user enters password(file:///Users/likitha.lokesh/java-selenium-cucumber/src/test/resources/features/LoginUI.feature:30)

