<?xml version="1.0" encoding="UTF-8"?>
<testng-results ignored="0" total="4" passed="4" failed="0" skipped="0">
  <reporter-output>
  </reporter-output>
  <suite started-at="2024-07-08T15:49:40 UTC" name="CucumberTest" finished-at="2024-07-08T15:49:47 UTC" duration-ms="6676">
    <groups>
      <group name="cucumber">
        <method signature="AbstractTestNGCucumberTests.runScenario(io.cucumber.testng.PickleWrapper,io.cucumber.testng.FeatureWrapper)[pri:0, instance:runner.TestRunner@231f98ef]" name="runScenario" class="io.cucumber.testng.AbstractTestNGCucumberTests"/>
      </group> <!-- cucumber -->
    </groups>
    <test started-at="2024-07-08T15:49:40 UTC" name="Cucumber with TestNg Test" finished-at="2024-07-08T15:49:47 UTC" duration-ms="6676">
      <class name="runner.TestRunner">
        <test-method is-config="true" signature="setUpClass(org.testng.ITestContext)[pri:0, instance:runner.TestRunner@231f98ef]" started-at="2024-07-08T15:49:40 UTC" name="setUpClass" finished-at="2024-07-08T15:49:41 UTC" duration-ms="503" status="PASS">
          <params>
            <param index="0">
              <value>
                <![CDATA[org.testng.TestRunner@145a821d]]>
              </value>
            </param>
          </params>
          <reporter-output>
          </reporter-output>
        </test-method> <!-- setUpClass -->
        <test-method signature="runScenario(io.cucumber.testng.PickleWrapper,io.cucumber.testng.FeatureWrapper)[pri:0, instance:runner.TestRunner@231f98ef]" started-at="2024-07-08T15:49:41 UTC" name="runScenario" description="Runs Cucumber Scenarios" data-provider="scenarios" finished-at="2024-07-08T15:49:43 UTC" duration-ms="2296" status="PASS">
          <params>
            <param index="0">
              <value>
                <![CDATA["Send a valid Request to get user details"]]>
              </value>
            </param>
            <param index="1">
              <value>
                <![CDATA["Validation of get method"]]>
              </value>
            </param>
          </params>
          <reporter-output>
          </reporter-output>
        </test-method> <!-- runScenario -->
        <test-method signature="runScenario(io.cucumber.testng.PickleWrapper,io.cucumber.testng.FeatureWrapper)[pri:0, instance:runner.TestRunner@231f98ef]" started-at="2024-07-08T15:49:43 UTC" name="runScenario" description="Runs Cucumber Scenarios" data-provider="scenarios" finished-at="2024-07-08T15:49:44 UTC" duration-ms="603" status="PASS">
          <params>
            <param index="0">
              <value>
                <![CDATA["Validate ID is not null"]]>
              </value>
            </param>
            <param index="1">
              <value>
                <![CDATA["Validation of get method"]]>
              </value>
            </param>
          </params>
          <reporter-output>
          </reporter-output>
        </test-method> <!-- runScenario -->
        <test-method signature="runScenario(io.cucumber.testng.PickleWrapper,io.cucumber.testng.FeatureWrapper)[pri:0, instance:runner.TestRunner@231f98ef]" started-at="2024-07-08T15:49:44 UTC" name="runScenario" description="Runs Cucumber Scenarios" data-provider="scenarios" finished-at="2024-07-08T15:49:45 UTC" duration-ms="1098" status="PASS">
          <params>
            <param index="0">
              <value>
                <![CDATA["Fetch Phone names containing Apple"]]>
              </value>
            </param>
            <param index="1">
              <value>
                <![CDATA["Validation of get method"]]>
              </value>
            </param>
          </params>
          <reporter-output>
          </reporter-output>
        </test-method> <!-- runScenario -->
        <test-method signature="runScenario(io.cucumber.testng.PickleWrapper,io.cucumber.testng.FeatureWrapper)[pri:0, instance:runner.TestRunner@231f98ef]" started-at="2024-07-08T15:49:45 UTC" name="runScenario" description="Runs Cucumber Scenarios" data-provider="scenarios" finished-at="2024-07-08T15:49:45 UTC" duration-ms="545" status="PASS">
          <params>
            <param index="0">
              <value>
                <![CDATA["Fetch Phone name of lowest price"]]>
              </value>
            </param>
            <param index="1">
              <value>
                <![CDATA["Validation of get method"]]>
              </value>
            </param>
          </params>
          <reporter-output>
          </reporter-output>
        </test-method> <!-- runScenario -->
        <test-method is-config="true" signature="tearDownClass()[pri:0, instance:runner.TestRunner@231f98ef]" started-at="2024-07-08T15:49:45 UTC" name="tearDownClass" finished-at="2024-07-08T15:49:47 UTC" duration-ms="1587" status="PASS">
          <reporter-output>
          </reporter-output>
        </test-method> <!-- tearDownClass -->
      </class> <!-- runner.TestRunner -->
    </test> <!-- Cucumber with TestNg Test -->
  </suite> <!-- CucumberTest -->
</testng-results>
