<?xml version="1.0" encoding="UTF-8"?>
<testsuite xmlns:xsi="http://www.w3.org/2001/XMLSchema-instance" xsi:noNamespaceSchemaLocation="https://maven.apache.org/surefire/maven-surefire-plugin/xsd/surefire-test-report-3.0.xsd" version="3.0" name="TestSuite" time="9.596" tests="2" errors="0" skipped="0" failures="0">
  <properties>
[...]
</properties>
  <testcase name="runScenario[&quot;Login with empty username&quot;, &quot;Login feature&quot;](1)" classname="runner.TestRunner" time="4.059">
    <system-out><![CDATA[
@ui @missingcredentials
Scenario: Login with empty username      # src/test/resources/features/LoginUI.feature:17
Configuring test run from property file: dev.automation.properties
  Given user is on home page             # stepdefinitions.LoginUISteps.user_is_on_homepage()
  When user navigate to Login page       # stepdefinitions.LoginUISteps.user_navigates_to_Login_Page()
  And user clicks the next button        # stepdefinitions.LoginUISteps.user_clicks_next()
  Then verify error message is displayed # stepdefinitions.LoginUISteps.verify_error_is_displayed()
The Browser is quit successfully
]]></system-out>
    <system-err><![CDATA[SLF4J: Failed to load class "org.slf4j.impl.StaticLoggerBinder".
SLF4J: Defaulting to no-operation (NOP) logger implementation
SLF4J: See http://www.slf4j.org/codes.html#StaticLoggerBinder for further details.
]]></system-err>
  </testcase>
  <testcase name="runScenario[&quot;Login with wrong credentials&quot;, &quot;Login feature&quot;](2)" classname="runner.TestRunner" time="2.979">
    <system-out><![CDATA[
@ui @invalidcredentials
Scenario: Login with wrong credentials   # src/test/resources/features/LoginUI.feature:25
  Given user is on home page             # stepdefinitions.LoginUISteps.user_is_on_homepage()
  When user navigate to Login page       # stepdefinitions.LoginUISteps.user_navigates_to_Login_Page()
  And user enters username               # stepdefinitions.LoginUISteps.user_enters_username()
Credentials Entered
  And user enters password               # stepdefinitions.LoginUISteps.user_enters_datatable_credentials(io.cucumber.datatable.DataTable)
    | Password     |
    | RG$1234FDSSA |
    | DG$1234FDSSA |
  Then verify error message is displayed # stepdefinitions.LoginUISteps.verify_error_is_displayed()
The Browser is quit successfully
]]></system-out>
  </testcase>
</testsuite>