<?xml version="1.0" encoding="UTF-8"?>
<!-- Generated by org.testng.reporters.JUnitXMLReporter -->
<testsuite ignored="0" hostname="fv-az1240-257" failures="0" tests="2" name="Cucumber with TestNg Test" time="9.116" errors="0" timestamp="2024-07-07T16:13:49 UTC">
  <testcase classname="io.cucumber.testng.AbstractTestNGCucumberTests" name="runScenario" time="4.056"/>
  <testcase classname="io.cucumber.testng.AbstractTestNGCucumberTests" name="runScenario" time="2.983"/>
</testsuite> <!-- Cucumber with TestNg Test -->
